2023-10-11 18:35:01 823 [main] DEBUG org.mybatis.spring.mapper.ClassPathMapperScanner - Identified candidate component class: file [C:\sts3.9-bundle\workspace\MySpringCustomer\target\classes\myspring\customer\dao\mapper\UserMapper.class]
2023-10-11 18:35:02 005 [main] DEBUG org.apache.ibatis.logging.LogFactory - Logging initialized using 'class org.apache.ibatis.logging.log4j2.Log4j2Impl' adapter.
2023-10-11 18:35:02 228 [main] DEBUG org.mybatis.spring.SqlSessionUtils - Creating a new SqlSession
2023-10-11 18:35:02 242 [main] DEBUG org.mybatis.spring.SqlSessionUtils - SqlSession [org.apache.ibatis.session.defaults.DefaultSqlSession@50fe837a] was not registered for synchronization because synchronization is not active
2023-10-11 18:35:02 245 [main] DEBUG org.mybatis.spring.SqlSessionUtils - Closing non transactional SqlSession [org.apache.ibatis.session.defaults.DefaultSqlSession@50fe837a]
2023-10-11 18:42:53 430 [main] DEBUG org.mybatis.spring.mapper.ClassPathMapperScanner - Identified candidate component class: file [C:\sts3.9-bundle\workspace\MySpringCustomer\target\classes\myspring\customer\dao\mapper\UserMapper.class]
2023-10-11 18:42:53 626 [main] DEBUG org.apache.ibatis.logging.LogFactory - Logging initialized using 'class org.apache.ibatis.logging.log4j2.Log4j2Impl' adapter.
2023-10-11 18:42:53 875 [main] DEBUG org.mybatis.spring.SqlSessionUtils - Creating a new SqlSession
2023-10-11 18:42:53 888 [main] DEBUG org.mybatis.spring.SqlSessionUtils - SqlSession [org.apache.ibatis.session.defaults.DefaultSqlSession@50fe837a] was not registered for synchronization because synchronization is not active
2023-10-11 18:42:53 891 [main] DEBUG org.mybatis.spring.SqlSessionUtils - Closing non transactional SqlSession [org.apache.ibatis.session.defaults.DefaultSqlSession@50fe837a]
2023-10-11 18:43:27 263 [main] DEBUG org.mybatis.spring.mapper.ClassPathMapperScanner - Identified candidate component class: file [C:\sts3.9-bundle\workspace\MySpringCustomer\target\classes\myspring\customer\dao\mapper\UserMapper.class]
2023-10-11 18:43:27 495 [main] DEBUG org.apache.ibatis.logging.LogFactory - Logging initialized using 'class org.apache.ibatis.logging.log4j2.Log4j2Impl' adapter.
2023-10-11 18:43:27 723 [main] DEBUG org.mybatis.spring.SqlSessionUtils - Creating a new SqlSession
2023-10-11 18:43:27 735 [main] DEBUG org.mybatis.spring.SqlSessionUtils - SqlSession [org.apache.ibatis.session.defaults.DefaultSqlSession@50fe837a] was not registered for synchronization because synchronization is not active
2023-10-11 18:43:27 738 [main] DEBUG org.mybatis.spring.SqlSessionUtils - Closing non transactional SqlSession [org.apache.ibatis.session.defaults.DefaultSqlSession@50fe837a]
2023-10-11 18:49:06 064 [main] DEBUG org.mybatis.spring.mapper.ClassPathMapperScanner - Identified candidate component class: file [C:\sts3.9-bundle\workspace\MySpringCustomer\target\classes\myspring\customer\dao\mapper\UserMapper.class]
2023-10-11 18:49:06 257 [main] DEBUG org.apache.ibatis.logging.LogFactory - Logging initialized using 'class org.apache.ibatis.logging.log4j2.Log4j2Impl' adapter.
2023-10-11 18:49:06 503 [main] DEBUG org.mybatis.spring.SqlSessionUtils - Creating a new SqlSession
2023-10-11 18:49:06 517 [main] DEBUG org.mybatis.spring.SqlSessionUtils - SqlSession [org.apache.ibatis.session.defaults.DefaultSqlSession@50fe837a] was not registered for synchronization because synchronization is not active
2023-10-11 18:49:06 721 [main] DEBUG org.mybatis.spring.transaction.SpringManagedTransaction - JDBC Connection [HikariProxyConnection@749443480 wrapping org.mariadb.jdbc.Connection@2f7a7219] will not be managed by Spring
2023-10-11 18:49:06 730 [main] DEBUG myspring.user.dao.mapper.UserMapper.selectUserById - ==>  Preparing: select * from users where userid=?
2023-10-11 18:49:06 753 [main] DEBUG myspring.user.dao.mapper.UserMapper.selectUserById - ==> Parameters: dooly(String)
2023-10-11 18:49:06 775 [main] DEBUG myspring.user.dao.mapper.UserMapper.selectUserById - <==      Total: 1
2023-10-11 18:49:06 784 [main] DEBUG org.mybatis.spring.SqlSessionUtils - Closing non transactional SqlSession [org.apache.ibatis.session.defaults.DefaultSqlSession@50fe837a]
2023-10-11 18:51:03 070 [main] DEBUG org.mybatis.spring.mapper.ClassPathMapperScanner - Identified candidate component class: file [C:\sts3.9-bundle\workspace\MySpringCustomer\target\classes\myspring\customer\dao\mapper\CustomerMapper.class]
2023-10-11 18:51:03 268 [main] DEBUG org.apache.ibatis.logging.LogFactory - Logging initialized using 'class org.apache.ibatis.logging.log4j2.Log4j2Impl' adapter.
2023-10-11 18:51:03 503 [main] DEBUG org.mybatis.spring.SqlSessionUtils - Creating a new SqlSession
2023-10-11 18:51:03 514 [main] DEBUG org.mybatis.spring.SqlSessionUtils - SqlSession [org.apache.ibatis.session.defaults.DefaultSqlSession@50fe837a] was not registered for synchronization because synchronization is not active
2023-10-11 18:51:03 516 [main] DEBUG org.mybatis.spring.SqlSessionUtils - Closing non transactional SqlSession [org.apache.ibatis.session.defaults.DefaultSqlSession@50fe837a]
2023-10-11 18:51:39 333 [main] DEBUG org.mybatis.spring.mapper.ClassPathMapperScanner - Identified candidate component class: file [C:\sts3.9-bundle\workspace\MySpringCustomer\target\classes\myspring\customer\dao\mapper\CustomerMapper.class]
2023-10-11 18:51:39 538 [main] DEBUG org.apache.ibatis.logging.LogFactory - Logging initialized using 'class org.apache.ibatis.logging.log4j2.Log4j2Impl' adapter.
2023-10-11 18:51:39 778 [main] DEBUG org.mybatis.spring.SqlSessionUtils - Creating a new SqlSession
2023-10-11 18:51:39 791 [main] DEBUG org.mybatis.spring.SqlSessionUtils - SqlSession [org.apache.ibatis.session.defaults.DefaultSqlSession@50fe837a] was not registered for synchronization because synchronization is not active
2023-10-11 18:51:40 004 [main] DEBUG org.mybatis.spring.transaction.SpringManagedTransaction - JDBC Connection [HikariProxyConnection@749443480 wrapping org.mariadb.jdbc.Connection@2f7a7219] will not be managed by Spring
2023-10-11 18:51:40 011 [main] DEBUG myspring.user.dao.mapper.CustomerMapper.selectUserById - ==>  Preparing: select * from users where userid=?
2023-10-11 18:51:40 034 [main] DEBUG myspring.user.dao.mapper.CustomerMapper.selectUserById - ==> Parameters: dooly(String)
2023-10-11 18:51:40 055 [main] DEBUG myspring.user.dao.mapper.CustomerMapper.selectUserById - <==      Total: 1
2023-10-11 18:51:40 062 [main] DEBUG org.mybatis.spring.SqlSessionUtils - Closing non transactional SqlSession [org.apache.ibatis.session.defaults.DefaultSqlSession@50fe837a]
2023-10-11 18:54:37 831 [main] DEBUG org.mybatis.spring.mapper.ClassPathMapperScanner - Identified candidate component class: file [C:\sts3.9-bundle\workspace\MySpringCustomer\target\classes\myspring\customer\dao\mapper\CustomerMapper.class]
2023-10-11 18:54:38 032 [main] DEBUG org.apache.ibatis.logging.LogFactory - Logging initialized using 'class org.apache.ibatis.logging.log4j2.Log4j2Impl' adapter.
2023-10-11 18:54:38 173 [main] DEBUG org.mybatis.spring.mapper.ClassPathMapperScanner - Identified candidate component class: file [C:\sts3.9-bundle\workspace\MySpringCustomer\target\classes\myspring\customer\dao\mapper\CustomerMapper.class]
2023-10-11 18:54:38 223 [main] DEBUG org.apache.ibatis.logging.LogFactory - Logging initialized using 'class org.apache.ibatis.logging.log4j2.Log4j2Impl' adapter.
2023-10-11 18:54:38 315 [main] DEBUG org.mybatis.spring.mapper.ClassPathMapperScanner - Identified candidate component class: file [C:\sts3.9-bundle\workspace\MySpringCustomer\target\classes\myspring\customer\dao\mapper\CustomerMapper.class]
2023-10-11 18:54:38 338 [main] DEBUG org.apache.ibatis.logging.LogFactory - Logging initialized using 'class org.apache.ibatis.logging.log4j2.Log4j2Impl' adapter.
2023-10-11 18:54:38 390 [main] DEBUG org.mybatis.spring.mapper.ClassPathMapperScanner - Identified candidate component class: file [C:\sts3.9-bundle\workspace\MySpringCustomer\target\classes\myspring\customer\dao\mapper\CustomerMapper.class]
2023-10-11 18:54:38 410 [main] DEBUG org.apache.ibatis.logging.LogFactory - Logging initialized using 'class org.apache.ibatis.logging.log4j2.Log4j2Impl' adapter.
2023-10-11 18:55:00 762 [main] DEBUG org.mybatis.spring.mapper.ClassPathMapperScanner - Identified candidate component class: file [C:\sts3.9-bundle\workspace\MySpringCustomer\target\classes\myspring\customer\dao\mapper\CustomerMapper.class]
2023-10-11 18:55:00 965 [main] DEBUG org.apache.ibatis.logging.LogFactory - Logging initialized using 'class org.apache.ibatis.logging.log4j2.Log4j2Impl' adapter.
2023-10-11 18:55:01 097 [main] DEBUG org.mybatis.spring.mapper.ClassPathMapperScanner - Identified candidate component class: file [C:\sts3.9-bundle\workspace\MySpringCustomer\target\classes\myspring\customer\dao\mapper\CustomerMapper.class]
2023-10-11 18:55:01 142 [main] DEBUG org.apache.ibatis.logging.LogFactory - Logging initialized using 'class org.apache.ibatis.logging.log4j2.Log4j2Impl' adapter.
2023-10-11 18:55:01 233 [main] DEBUG org.mybatis.spring.mapper.ClassPathMapperScanner - Identified candidate component class: file [C:\sts3.9-bundle\workspace\MySpringCustomer\target\classes\myspring\customer\dao\mapper\CustomerMapper.class]
2023-10-11 18:55:01 272 [main] DEBUG org.apache.ibatis.logging.LogFactory - Logging initialized using 'class org.apache.ibatis.logging.log4j2.Log4j2Impl' adapter.
2023-10-11 18:55:01 327 [main] DEBUG org.mybatis.spring.mapper.ClassPathMapperScanner - Identified candidate component class: file [C:\sts3.9-bundle\workspace\MySpringCustomer\target\classes\myspring\customer\dao\mapper\CustomerMapper.class]
2023-10-11 18:55:01 347 [main] DEBUG org.apache.ibatis.logging.LogFactory - Logging initialized using 'class org.apache.ibatis.logging.log4j2.Log4j2Impl' adapter.
2023-10-11 18:55:44 681 [main] DEBUG org.mybatis.spring.mapper.ClassPathMapperScanner - Identified candidate component class: file [C:\sts3.9-bundle\workspace\MySpringCustomer\target\classes\myspring\customer\dao\mapper\CustomerMapper.class]
2023-10-11 18:55:44 864 [main] DEBUG org.apache.ibatis.logging.LogFactory - Logging initialized using 'class org.apache.ibatis.logging.log4j2.Log4j2Impl' adapter.
2023-10-11 18:55:45 005 [main] DEBUG org.mybatis.spring.mapper.ClassPathMapperScanner - Identified candidate component class: file [C:\sts3.9-bundle\workspace\MySpringCustomer\target\classes\myspring\customer\dao\mapper\CustomerMapper.class]
2023-10-11 18:55:45 047 [main] DEBUG org.apache.ibatis.logging.LogFactory - Logging initialized using 'class org.apache.ibatis.logging.log4j2.Log4j2Impl' adapter.
2023-10-11 18:55:45 154 [main] DEBUG org.mybatis.spring.mapper.ClassPathMapperScanner - Identified candidate component class: file [C:\sts3.9-bundle\workspace\MySpringCustomer\target\classes\myspring\customer\dao\mapper\CustomerMapper.class]
2023-10-11 18:55:45 174 [main] DEBUG org.apache.ibatis.logging.LogFactory - Logging initialized using 'class org.apache.ibatis.logging.log4j2.Log4j2Impl' adapter.
2023-10-11 18:55:45 263 [main] DEBUG org.mybatis.spring.mapper.ClassPathMapperScanner - Identified candidate component class: file [C:\sts3.9-bundle\workspace\MySpringCustomer\target\classes\myspring\customer\dao\mapper\CustomerMapper.class]
2023-10-11 18:55:45 284 [main] DEBUG org.apache.ibatis.logging.LogFactory - Logging initialized using 'class org.apache.ibatis.logging.log4j2.Log4j2Impl' adapter.
2023-10-11 19:02:44 806 [main] DEBUG org.mybatis.spring.mapper.ClassPathMapperScanner - Identified candidate component class: file [C:\sts3.9-bundle\workspace\MySpringCustomer\target\classes\myspring\customer\dao\mapper\CustomerMapper.class]
2023-10-11 19:02:45 006 [main] DEBUG org.apache.ibatis.logging.LogFactory - Logging initialized using 'class org.apache.ibatis.logging.log4j2.Log4j2Impl' adapter.
2023-10-11 19:02:45 140 [main] DEBUG org.mybatis.spring.mapper.ClassPathMapperScanner - Identified candidate component class: file [C:\sts3.9-bundle\workspace\MySpringCustomer\target\classes\myspring\customer\dao\mapper\CustomerMapper.class]
2023-10-11 19:02:45 202 [main] DEBUG org.apache.ibatis.logging.LogFactory - Logging initialized using 'class org.apache.ibatis.logging.log4j2.Log4j2Impl' adapter.
2023-10-11 19:02:45 282 [main] DEBUG org.mybatis.spring.mapper.ClassPathMapperScanner - Identified candidate component class: file [C:\sts3.9-bundle\workspace\MySpringCustomer\target\classes\myspring\customer\dao\mapper\CustomerMapper.class]
2023-10-11 19:02:45 303 [main] DEBUG org.apache.ibatis.logging.LogFactory - Logging initialized using 'class org.apache.ibatis.logging.log4j2.Log4j2Impl' adapter.
2023-10-11 19:02:45 359 [main] DEBUG org.mybatis.spring.mapper.ClassPathMapperScanner - Identified candidate component class: file [C:\sts3.9-bundle\workspace\MySpringCustomer\target\classes\myspring\customer\dao\mapper\CustomerMapper.class]
2023-10-11 19:02:45 379 [main] DEBUG org.apache.ibatis.logging.LogFactory - Logging initialized using 'class org.apache.ibatis.logging.log4j2.Log4j2Impl' adapter.
2023-10-11 19:02:58 030 [main] DEBUG org.mybatis.spring.mapper.ClassPathMapperScanner - Identified candidate component class: file [C:\sts3.9-bundle\workspace\MySpringCustomer\target\classes\myspring\customer\dao\mapper\CustomerMapper.class]
2023-10-11 19:02:58 224 [main] DEBUG org.apache.ibatis.logging.LogFactory - Logging initialized using 'class org.apache.ibatis.logging.log4j2.Log4j2Impl' adapter.
2023-10-11 19:02:58 361 [main] DEBUG org.mybatis.spring.mapper.ClassPathMapperScanner - Identified candidate component class: file [C:\sts3.9-bundle\workspace\MySpringCustomer\target\classes\myspring\customer\dao\mapper\CustomerMapper.class]
2023-10-11 19:02:58 409 [main] DEBUG org.apache.ibatis.logging.LogFactory - Logging initialized using 'class org.apache.ibatis.logging.log4j2.Log4j2Impl' adapter.
2023-10-11 19:02:58 513 [main] DEBUG org.mybatis.spring.mapper.ClassPathMapperScanner - Identified candidate component class: file [C:\sts3.9-bundle\workspace\MySpringCustomer\target\classes\myspring\customer\dao\mapper\CustomerMapper.class]
2023-10-11 19:02:58 535 [main] DEBUG org.apache.ibatis.logging.LogFactory - Logging initialized using 'class org.apache.ibatis.logging.log4j2.Log4j2Impl' adapter.
2023-10-11 19:03:07 977 [main] DEBUG org.mybatis.spring.mapper.ClassPathMapperScanner - Identified candidate component class: file [C:\sts3.9-bundle\workspace\MySpringCustomer\target\classes\myspring\customer\dao\mapper\CustomerMapper.class]
2023-10-11 19:03:08 173 [main] DEBUG org.apache.ibatis.logging.LogFactory - Logging initialized using 'class org.apache.ibatis.logging.log4j2.Log4j2Impl' adapter.
2023-10-11 19:05:57 011 [main] DEBUG org.mybatis.spring.mapper.ClassPathMapperScanner - Identified candidate component class: file [C:\sts3.9-bundle\workspace\MySpringCustomer\target\classes\myspring\customer\dao\mapper\CustomerMapper.class]
2023-10-11 19:05:57 217 [main] DEBUG org.apache.ibatis.logging.LogFactory - Logging initialized using 'class org.apache.ibatis.logging.log4j2.Log4j2Impl' adapter.
2023-10-11 19:06:42 671 [main] DEBUG org.mybatis.spring.mapper.ClassPathMapperScanner - Identified candidate component class: file [C:\sts3.9-bundle\workspace\MySpringCustomer\target\classes\myspring\customer\dao\mapper\CustomerMapper.class]
2023-10-11 19:06:42 889 [main] DEBUG org.apache.ibatis.logging.LogFactory - Logging initialized using 'class org.apache.ibatis.logging.log4j2.Log4j2Impl' adapter.
2023-10-11 19:10:45 988 [main] DEBUG org.mybatis.spring.mapper.ClassPathMapperScanner - Identified candidate component class: file [C:\sts3.9-bundle\workspace\MySpringCustomer\target\classes\myspring\customer\dao\mapper\CustomerMapper.class]
2023-10-11 19:10:46 187 [main] DEBUG org.apache.ibatis.logging.LogFactory - Logging initialized using 'class org.apache.ibatis.logging.log4j2.Log4j2Impl' adapter.
2023-10-11 19:12:07 504 [main] DEBUG org.mybatis.spring.mapper.ClassPathMapperScanner - Identified candidate component class: file [C:\sts3.9-bundle\workspace\MySpringCustomer\target\classes\myspring\customer\dao\mapper\CustomerMapper.class]
2023-10-11 19:12:07 708 [main] DEBUG org.apache.ibatis.logging.LogFactory - Logging initialized using 'class org.apache.ibatis.logging.log4j2.Log4j2Impl' adapter.
2023-10-11 19:12:34 192 [main] DEBUG org.mybatis.spring.mapper.ClassPathMapperScanner - Identified candidate component class: file [C:\sts3.9-bundle\workspace\MySpringCustomer\target\classes\myspring\customer\dao\mapper\CustomerMapper.class]
2023-10-11 19:12:34 414 [main] DEBUG org.apache.ibatis.logging.LogFactory - Logging initialized using 'class org.apache.ibatis.logging.log4j2.Log4j2Impl' adapter.
2023-10-11 19:12:48 432 [main] DEBUG org.mybatis.spring.mapper.ClassPathMapperScanner - Identified candidate component class: file [C:\sts3.9-bundle\workspace\MySpringCustomer\target\classes\myspring\customer\dao\mapper\CustomerMapper.class]
2023-10-11 19:12:48 641 [main] DEBUG org.apache.ibatis.logging.LogFactory - Logging initialized using 'class org.apache.ibatis.logging.log4j2.Log4j2Impl' adapter.
2023-10-11 19:14:36 003 [main] DEBUG org.mybatis.spring.mapper.ClassPathMapperScanner - Identified candidate component class: file [C:\sts3.9-bundle\workspace\MySpringCustomer\target\classes\myspring\customer\dao\mapper\CustomerMapper.class]
2023-10-11 19:14:36 191 [main] DEBUG org.apache.ibatis.logging.LogFactory - Logging initialized using 'class org.apache.ibatis.logging.log4j2.Log4j2Impl' adapter.
2023-10-11 19:15:02 236 [main] DEBUG org.mybatis.spring.mapper.ClassPathMapperScanner - Identified candidate component class: file [C:\sts3.9-bundle\workspace\MySpringCustomer\target\classes\myspring\customer\dao\mapper\CustomerMapper.class]
2023-10-11 19:15:02 432 [main] DEBUG org.apache.ibatis.logging.LogFactory - Logging initialized using 'class org.apache.ibatis.logging.log4j2.Log4j2Impl' adapter.
2023-10-11 19:15:02 854 [main] DEBUG org.mybatis.spring.SqlSessionUtils - Creating a new SqlSession
2023-10-11 19:15:02 858 [main] DEBUG org.mybatis.spring.SqlSessionUtils - SqlSession [org.apache.ibatis.session.defaults.DefaultSqlSession@209775a9] was not registered for synchronization because synchronization is not active
2023-10-11 19:15:02 860 [main] DEBUG org.mybatis.spring.SqlSessionUtils - Closing non transactional SqlSession [org.apache.ibatis.session.defaults.DefaultSqlSession@209775a9]
2023-10-11 19:15:21 472 [main] DEBUG org.mybatis.spring.mapper.ClassPathMapperScanner - Identified candidate component class: file [C:\sts3.9-bundle\workspace\MySpringCustomer\target\classes\myspring\customer\dao\mapper\CustomerMapper.class]
2023-10-11 19:15:21 670 [main] DEBUG org.apache.ibatis.logging.LogFactory - Logging initialized using 'class org.apache.ibatis.logging.log4j2.Log4j2Impl' adapter.
2023-10-11 19:15:44 028 [main] DEBUG org.mybatis.spring.mapper.ClassPathMapperScanner - Identified candidate component class: file [C:\sts3.9-bundle\workspace\MySpringCustomer\target\classes\myspring\customer\dao\mapper\CustomerMapper.class]
2023-10-11 19:15:44 220 [main] DEBUG org.apache.ibatis.logging.LogFactory - Logging initialized using 'class org.apache.ibatis.logging.log4j2.Log4j2Impl' adapter.
2023-10-11 19:15:44 658 [main] DEBUG org.mybatis.spring.SqlSessionUtils - Creating a new SqlSession
2023-10-11 19:15:44 664 [main] DEBUG org.mybatis.spring.SqlSessionUtils - SqlSession [org.apache.ibatis.session.defaults.DefaultSqlSession@77307458] was not registered for synchronization because synchronization is not active
2023-10-11 19:15:44 666 [main] DEBUG org.mybatis.spring.SqlSessionUtils - Closing non transactional SqlSession [org.apache.ibatis.session.defaults.DefaultSqlSession@77307458]
2023-10-11 19:17:02 595 [main] DEBUG org.mybatis.spring.mapper.ClassPathMapperScanner - Identified candidate component class: file [C:\sts3.9-bundle\workspace\MySpringCustomer\target\classes\myspring\customer\dao\mapper\CustomerMapper.class]
2023-10-11 19:17:02 806 [main] DEBUG org.apache.ibatis.logging.LogFactory - Logging initialized using 'class org.apache.ibatis.logging.log4j2.Log4j2Impl' adapter.
2023-10-11 19:17:03 240 [main] DEBUG org.mybatis.spring.SqlSessionUtils - Creating a new SqlSession
2023-10-11 19:17:03 245 [main] DEBUG org.mybatis.spring.SqlSessionUtils - SqlSession [org.apache.ibatis.session.defaults.DefaultSqlSession@77307458] was not registered for synchronization because synchronization is not active
2023-10-11 19:17:03 247 [main] DEBUG org.mybatis.spring.SqlSessionUtils - Closing non transactional SqlSession [org.apache.ibatis.session.defaults.DefaultSqlSession@77307458]
2023-10-11 19:17:25 549 [main] DEBUG org.mybatis.spring.mapper.ClassPathMapperScanner - Identified candidate component class: file [C:\sts3.9-bundle\workspace\MySpringCustomer\target\classes\myspring\customer\dao\mapper\CustomerMapper.class]
2023-10-11 19:17:25 757 [main] DEBUG org.apache.ibatis.logging.LogFactory - Logging initialized using 'class org.apache.ibatis.logging.log4j2.Log4j2Impl' adapter.
2023-10-11 19:17:26 157 [main] DEBUG org.mybatis.spring.SqlSessionUtils - Creating a new SqlSession
2023-10-11 19:17:26 162 [main] DEBUG org.mybatis.spring.SqlSessionUtils - SqlSession [org.apache.ibatis.session.defaults.DefaultSqlSession@77307458] was not registered for synchronization because synchronization is not active
2023-10-11 19:17:26 164 [main] DEBUG org.mybatis.spring.SqlSessionUtils - Closing non transactional SqlSession [org.apache.ibatis.session.defaults.DefaultSqlSession@77307458]
2023-10-11 19:26:42 070 [main] DEBUG org.mybatis.spring.mapper.ClassPathMapperScanner - Identified candidate component class: file [C:\sts3.9-bundle\workspace\MySpringCustomer\target\classes\myspring\customer\dao\mapper\CustomerMapper.class]
2023-10-11 19:26:42 278 [main] DEBUG org.apache.ibatis.logging.LogFactory - Logging initialized using 'class org.apache.ibatis.logging.log4j2.Log4j2Impl' adapter.
2023-10-11 19:26:42 697 [main] DEBUG org.mybatis.spring.SqlSessionUtils - Creating a new SqlSession
2023-10-11 19:26:42 702 [main] DEBUG org.mybatis.spring.SqlSessionUtils - SqlSession [org.apache.ibatis.session.defaults.DefaultSqlSession@77307458] was not registered for synchronization because synchronization is not active
2023-10-11 19:26:42 704 [main] DEBUG org.mybatis.spring.SqlSessionUtils - Closing non transactional SqlSession [org.apache.ibatis.session.defaults.DefaultSqlSession@77307458]
2023-10-11 19:32:26 830 [main] DEBUG org.mybatis.spring.mapper.ClassPathMapperScanner - Identified candidate component class: file [C:\sts3.9-bundle\workspace\MySpringCustomer\target\classes\myspring\customer\dao\mapper\CustomerMapper.class]
2023-10-11 19:32:27 027 [main] DEBUG org.apache.ibatis.logging.LogFactory - Logging initialized using 'class org.apache.ibatis.logging.log4j2.Log4j2Impl' adapter.
2023-10-11 19:32:27 484 [main] DEBUG org.mybatis.spring.SqlSessionUtils - Creating a new SqlSession
2023-10-11 19:32:27 489 [main] DEBUG org.mybatis.spring.SqlSessionUtils - SqlSession [org.apache.ibatis.session.defaults.DefaultSqlSession@35d6ca49] was not registered for synchronization because synchronization is not active
2023-10-11 19:32:27 491 [main] DEBUG org.mybatis.spring.SqlSessionUtils - Closing non transactional SqlSession [org.apache.ibatis.session.defaults.DefaultSqlSession@35d6ca49]
2023-10-11 19:34:02 896 [main] DEBUG org.mybatis.spring.mapper.ClassPathMapperScanner - Identified candidate component class: file [C:\sts3.9-bundle\workspace\MySpringCustomer\target\classes\myspring\customer\dao\mapper\CustomerMapper.class]
2023-10-11 19:34:03 105 [main] DEBUG org.apache.ibatis.logging.LogFactory - Logging initialized using 'class org.apache.ibatis.logging.log4j2.Log4j2Impl' adapter.
2023-10-11 19:34:03 535 [main] DEBUG org.mybatis.spring.SqlSessionUtils - Creating a new SqlSession
2023-10-11 19:34:03 540 [main] DEBUG org.mybatis.spring.SqlSessionUtils - SqlSession [org.apache.ibatis.session.defaults.DefaultSqlSession@35d6ca49] was not registered for synchronization because synchronization is not active
2023-10-11 19:34:03 542 [main] DEBUG org.mybatis.spring.SqlSessionUtils - Closing non transactional SqlSession [org.apache.ibatis.session.defaults.DefaultSqlSession@35d6ca49]
2023-10-11 19:35:05 942 [main] DEBUG org.mybatis.spring.mapper.ClassPathMapperScanner - Identified candidate component class: file [C:\sts3.9-bundle\workspace\MySpringCustomer\target\classes\myspring\customer\dao\mapper\CustomerMapper.class]
2023-10-11 19:35:06 191 [main] DEBUG org.apache.ibatis.logging.LogFactory - Logging initialized using 'class org.apache.ibatis.logging.log4j2.Log4j2Impl' adapter.
2023-10-11 19:35:06 582 [main] DEBUG org.mybatis.spring.SqlSessionUtils - Creating a new SqlSession
2023-10-11 19:35:06 589 [main] DEBUG org.mybatis.spring.SqlSessionUtils - SqlSession [org.apache.ibatis.session.defaults.DefaultSqlSession@523424b5] was not registered for synchronization because synchronization is not active
2023-10-11 19:35:06 591 [main] DEBUG org.mybatis.spring.SqlSessionUtils - Closing non transactional SqlSession [org.apache.ibatis.session.defaults.DefaultSqlSession@523424b5]
2023-10-11 19:37:20 129 [main] DEBUG org.mybatis.spring.mapper.ClassPathMapperScanner - Identified candidate component class: file [C:\sts3.9-bundle\workspace\MySpringCustomer\target\classes\myspring\customer\dao\mapper\CustomerMapper.class]
2023-10-11 19:37:20 351 [main] DEBUG org.apache.ibatis.logging.LogFactory - Logging initialized using 'class org.apache.ibatis.logging.log4j2.Log4j2Impl' adapter.
2023-10-11 19:37:20 750 [main] DEBUG org.mybatis.spring.SqlSessionUtils - Creating a new SqlSession
2023-10-11 19:37:20 755 [main] DEBUG org.mybatis.spring.SqlSessionUtils - SqlSession [org.apache.ibatis.session.defaults.DefaultSqlSession@523424b5] was not registered for synchronization because synchronization is not active
2023-10-11 19:37:20 756 [main] DEBUG org.mybatis.spring.SqlSessionUtils - Closing non transactional SqlSession [org.apache.ibatis.session.defaults.DefaultSqlSession@523424b5]
2023-10-11 19:38:23 501 [main] DEBUG org.mybatis.spring.mapper.ClassPathMapperScanner - Identified candidate component class: file [C:\sts3.9-bundle\workspace\MySpringCustomer\target\classes\myspring\customer\dao\mapper\CustomerMapper.class]
2023-10-11 19:38:23 752 [main] DEBUG org.apache.ibatis.logging.LogFactory - Logging initialized using 'class org.apache.ibatis.logging.log4j2.Log4j2Impl' adapter.
2023-10-11 19:38:24 148 [main] DEBUG org.mybatis.spring.SqlSessionUtils - Creating a new SqlSession
2023-10-11 19:38:24 156 [main] DEBUG org.mybatis.spring.SqlSessionUtils - SqlSession [org.apache.ibatis.session.defaults.DefaultSqlSession@523424b5] was not registered for synchronization because synchronization is not active
2023-10-11 19:38:24 158 [main] DEBUG org.mybatis.spring.SqlSessionUtils - Closing non transactional SqlSession [org.apache.ibatis.session.defaults.DefaultSqlSession@523424b5]
2023-10-11 19:40:14 596 [main] DEBUG org.mybatis.spring.mapper.ClassPathMapperScanner - Identified candidate component class: file [C:\sts3.9-bundle\workspace\MySpringCustomer\target\classes\myspring\customer\dao\mapper\CustomerMapper.class]
2023-10-11 19:40:14 789 [main] DEBUG org.apache.ibatis.logging.LogFactory - Logging initialized using 'class org.apache.ibatis.logging.log4j2.Log4j2Impl' adapter.
2023-10-11 19:40:15 174 [main] DEBUG org.mybatis.spring.SqlSessionUtils - Creating a new SqlSession
2023-10-11 19:40:15 182 [main] DEBUG org.mybatis.spring.SqlSessionUtils - SqlSession [org.apache.ibatis.session.defaults.DefaultSqlSession@523424b5] was not registered for synchronization because synchronization is not active
2023-10-11 19:40:15 183 [main] DEBUG org.mybatis.spring.SqlSessionUtils - Closing non transactional SqlSession [org.apache.ibatis.session.defaults.DefaultSqlSession@523424b5]
2023-10-11 19:42:07 037 [main] DEBUG org.mybatis.spring.mapper.ClassPathMapperScanner - Identified candidate component class: file [C:\sts3.9-bundle\workspace\MySpringCustomer\target\classes\myspring\customer\dao\mapper\CustomerMapper.class]
2023-10-11 19:42:07 246 [main] DEBUG org.apache.ibatis.logging.LogFactory - Logging initialized using 'class org.apache.ibatis.logging.log4j2.Log4j2Impl' adapter.
2023-10-11 19:42:07 634 [main] DEBUG org.mybatis.spring.SqlSessionUtils - Creating a new SqlSession
2023-10-11 19:42:07 643 [main] DEBUG org.mybatis.spring.SqlSessionUtils - SqlSession [org.apache.ibatis.session.defaults.DefaultSqlSession@523424b5] was not registered for synchronization because synchronization is not active
2023-10-11 19:42:07 645 [main] DEBUG org.mybatis.spring.SqlSessionUtils - Closing non transactional SqlSession [org.apache.ibatis.session.defaults.DefaultSqlSession@523424b5]
2023-10-11 19:43:20 416 [main] DEBUG org.mybatis.spring.mapper.ClassPathMapperScanner - Identified candidate component class: file [C:\sts3.9-bundle\workspace\MySpringCustomer\target\classes\myspring\customer\dao\mapper\CustomerMapper.class]
2023-10-11 19:43:20 602 [main] DEBUG org.apache.ibatis.logging.LogFactory - Logging initialized using 'class org.apache.ibatis.logging.log4j2.Log4j2Impl' adapter.
2023-10-11 19:43:20 978 [main] DEBUG org.mybatis.spring.SqlSessionUtils - Creating a new SqlSession
2023-10-11 19:43:20 984 [main] DEBUG org.mybatis.spring.SqlSessionUtils - SqlSession [org.apache.ibatis.session.defaults.DefaultSqlSession@523424b5] was not registered for synchronization because synchronization is not active
2023-10-11 19:43:20 999 [main] DEBUG org.mybatis.spring.transaction.SpringManagedTransaction - JDBC Connection [HikariProxyConnection@255941269 wrapping org.mariadb.jdbc.Connection@cf65451] will not be managed by Spring
2023-10-11 19:43:21 005 [main] DEBUG CustomerNS.selectCustomerById - ==>  Preparing: select * from customer where id=?
2023-10-11 19:43:21 030 [main] DEBUG org.mybatis.spring.SqlSessionUtils - Closing non transactional SqlSession [org.apache.ibatis.session.defaults.DefaultSqlSession@523424b5]
2023-10-11 19:45:10 080 [main] DEBUG org.mybatis.spring.mapper.ClassPathMapperScanner - Identified candidate component class: file [C:\sts3.9-bundle\workspace\MySpringCustomer\target\classes\myspring\customer\dao\mapper\CustomerMapper.class]
2023-10-11 19:45:10 276 [main] DEBUG org.apache.ibatis.logging.LogFactory - Logging initialized using 'class org.apache.ibatis.logging.log4j2.Log4j2Impl' adapter.
2023-10-11 19:45:10 671 [main] DEBUG org.mybatis.spring.SqlSessionUtils - Creating a new SqlSession
2023-10-11 19:45:10 676 [main] DEBUG org.mybatis.spring.SqlSessionUtils - SqlSession [org.apache.ibatis.session.defaults.DefaultSqlSession@523424b5] was not registered for synchronization because synchronization is not active
2023-10-11 19:45:10 688 [main] DEBUG org.mybatis.spring.transaction.SpringManagedTransaction - JDBC Connection [HikariProxyConnection@255941269 wrapping org.mariadb.jdbc.Connection@cf65451] will not be managed by Spring
2023-10-11 19:45:10 694 [main] DEBUG CustomerNS.selectCustomerById - ==>  Preparing: select * from customer where id=?
2023-10-11 19:45:10 719 [main] DEBUG CustomerNS.selectCustomerById - ==> Parameters: 1(Integer)
2023-10-11 19:45:10 742 [main] DEBUG CustomerNS.selectCustomerById - <==      Total: 1
2023-10-11 19:45:10 743 [main] DEBUG org.mybatis.spring.SqlSessionUtils - Closing non transactional SqlSession [org.apache.ibatis.session.defaults.DefaultSqlSession@523424b5]
2023-10-11 19:48:13 555 [main] DEBUG org.mybatis.spring.mapper.ClassPathMapperScanner - Identified candidate component class: file [C:\sts3.9-bundle\workspace\MySpringCustomer\target\classes\myspring\customer\dao\mapper\CustomerMapper.class]
2023-10-11 19:48:13 753 [main] DEBUG org.apache.ibatis.logging.LogFactory - Logging initialized using 'class org.apache.ibatis.logging.log4j2.Log4j2Impl' adapter.
2023-10-11 19:50:05 934 [main] DEBUG org.mybatis.spring.mapper.ClassPathMapperScanner - Identified candidate component class: file [C:\sts3.9-bundle\workspace\MySpringCustomer\target\classes\myspring\customer\dao\mapper\CustomerMapper.class]
2023-10-11 19:50:06 164 [main] DEBUG org.apache.ibatis.logging.LogFactory - Logging initialized using 'class org.apache.ibatis.logging.log4j2.Log4j2Impl' adapter.
2023-10-11 19:50:56 904 [main] DEBUG org.mybatis.spring.mapper.ClassPathMapperScanner - Identified candidate component class: file [C:\sts3.9-bundle\workspace\MySpringCustomer\target\classes\myspring\customer\dao\mapper\CustomerMapper.class]
2023-10-11 19:50:57 110 [main] DEBUG org.apache.ibatis.logging.LogFactory - Logging initialized using 'class org.apache.ibatis.logging.log4j2.Log4j2Impl' adapter.
2023-10-11 19:52:38 727 [main] DEBUG org.mybatis.spring.mapper.ClassPathMapperScanner - Identified candidate component class: file [C:\sts3.9-bundle\workspace\MySpringCustomer\target\classes\myspring\customer\dao\mapper\CustomerMapper.class]
2023-10-11 19:52:38 922 [main] DEBUG org.apache.ibatis.logging.LogFactory - Logging initialized using 'class org.apache.ibatis.logging.log4j2.Log4j2Impl' adapter.
2023-10-11 19:52:39 106 [main] DEBUG org.mybatis.spring.SqlSessionUtils - Creating a new SqlSession
2023-10-11 19:52:39 118 [main] DEBUG org.mybatis.spring.SqlSessionUtils - SqlSession [org.apache.ibatis.session.defaults.DefaultSqlSession@74cadd41] was not registered for synchronization because synchronization is not active
2023-10-11 19:52:39 323 [main] DEBUG org.mybatis.spring.transaction.SpringManagedTransaction - JDBC Connection [HikariProxyConnection@49318987 wrapping org.mariadb.jdbc.Connection@3f19b8b3] will not be managed by Spring
2023-10-11 19:52:39 329 [main] DEBUG myspring.customer.dao.mapper.CustomerMapper.selectCustomerById - ==>  Preparing: select * from customer where id=?
2023-10-11 19:52:39 351 [main] DEBUG myspring.customer.dao.mapper.CustomerMapper.selectCustomerById - ==> Parameters: 1(Integer)
2023-10-11 19:52:39 372 [main] DEBUG myspring.customer.dao.mapper.CustomerMapper.selectCustomerById - <==      Total: 1
2023-10-11 19:52:39 381 [main] DEBUG org.mybatis.spring.SqlSessionUtils - Closing non transactional SqlSession [org.apache.ibatis.session.defaults.DefaultSqlSession@74cadd41]
2023-10-11 20:02:50 866 [main] DEBUG org.mybatis.spring.mapper.ClassPathMapperScanner - Identified candidate component class: file [C:\sts3.9-bundle\workspace\MySpringCustomer\target\classes\myspring\customer\dao\mapper\CustomerMapper.class]
2023-10-11 20:02:51 078 [main] DEBUG org.apache.ibatis.logging.LogFactory - Logging initialized using 'class org.apache.ibatis.logging.log4j2.Log4j2Impl' adapter.
2023-10-11 20:02:51 250 [main] DEBUG org.mybatis.spring.SqlSessionUtils - Creating a new SqlSession
2023-10-11 20:02:51 264 [main] DEBUG org.mybatis.spring.SqlSessionUtils - SqlSession [org.apache.ibatis.session.defaults.DefaultSqlSession@83298d7] was not registered for synchronization because synchronization is not active
2023-10-11 20:02:51 458 [main] DEBUG org.mybatis.spring.transaction.SpringManagedTransaction - JDBC Connection [HikariProxyConnection@697460450 wrapping org.mariadb.jdbc.Connection@5471388b] will not be managed by Spring
2023-10-11 20:02:51 464 [main] DEBUG myspring.customer.dao.mapper.CustomerMapper.selectCustomerById - ==>  Preparing: select * from customer where id=?
2023-10-11 20:02:51 489 [main] DEBUG myspring.customer.dao.mapper.CustomerMapper.selectCustomerById - ==> Parameters: 1(Integer)
2023-10-11 20:02:51 508 [main] DEBUG myspring.customer.dao.mapper.CustomerMapper.selectCustomerById - <==      Total: 1
2023-10-11 20:02:51 518 [main] DEBUG org.mybatis.spring.SqlSessionUtils - Closing non transactional SqlSession [org.apache.ibatis.session.defaults.DefaultSqlSession@83298d7]
2023-10-11 20:06:49 796 [main] DEBUG org.mybatis.spring.mapper.ClassPathMapperScanner - Identified candidate component class: file [C:\sts3.9-bundle\workspace\MySpringCustomer\target\classes\myspring\customer\dao\mapper\CustomerMapper.class]
2023-10-11 20:06:49 973 [main] DEBUG org.apache.ibatis.logging.LogFactory - Logging initialized using 'class org.apache.ibatis.logging.log4j2.Log4j2Impl' adapter.
2023-10-11 20:07:00 743 [main] DEBUG org.mybatis.spring.mapper.ClassPathMapperScanner - Identified candidate component class: file [C:\sts3.9-bundle\workspace\MySpringCustomer\target\classes\myspring\customer\dao\mapper\CustomerMapper.class]
2023-10-11 20:07:01 034 [main] DEBUG org.apache.ibatis.logging.LogFactory - Logging initialized using 'class org.apache.ibatis.logging.log4j2.Log4j2Impl' adapter.
2023-10-11 20:07:55 056 [main] DEBUG org.mybatis.spring.mapper.ClassPathMapperScanner - Identified candidate component class: file [C:\sts3.9-bundle\workspace\MySpringCustomer\target\classes\myspring\customer\dao\mapper\CustomerMapper.class]
2023-10-11 20:07:55 417 [main] DEBUG org.apache.ibatis.logging.LogFactory - Logging initialized using 'class org.apache.ibatis.logging.log4j2.Log4j2Impl' adapter.
2023-10-11 20:08:02 273 [main] DEBUG org.mybatis.spring.SqlSessionUtils - Creating a new SqlSession
2023-10-11 20:08:02 743 [main] DEBUG org.mybatis.spring.SqlSessionUtils - SqlSession [org.apache.ibatis.session.defaults.DefaultSqlSession@10fde30a] was not registered for synchronization because synchronization is not active
2023-10-11 20:08:09 280 [main] DEBUG org.mybatis.spring.transaction.SpringManagedTransaction - JDBC Connection [HikariProxyConnection@328197868 wrapping org.mariadb.jdbc.Connection@5e77f0f4] will not be managed by Spring
2023-10-11 20:08:09 384 [main] DEBUG myspring.customer.dao.mapper.CustomerMapper.selectCustomerById - ==>  Preparing: select * from customer where id=?
2023-10-11 20:08:09 802 [main] DEBUG myspring.customer.dao.mapper.CustomerMapper.selectCustomerById - ==> Parameters: 1(Integer)
2023-10-11 20:08:10 093 [main] DEBUG myspring.customer.dao.mapper.CustomerMapper.selectCustomerById - <==      Total: 1
2023-10-11 20:08:10 203 [main] DEBUG org.mybatis.spring.SqlSessionUtils - Closing non transactional SqlSession [org.apache.ibatis.session.defaults.DefaultSqlSession@10fde30a]
2023-10-11 20:10:13 661 [main] DEBUG org.mybatis.spring.mapper.ClassPathMapperScanner - Identified candidate component class: file [C:\sts3.9-bundle\workspace\MySpringCustomer\target\classes\myspring\customer\dao\mapper\CustomerMapper.class]
2023-10-11 20:10:13 870 [main] DEBUG org.apache.ibatis.logging.LogFactory - Logging initialized using 'class org.apache.ibatis.logging.log4j2.Log4j2Impl' adapter.
2023-10-11 20:10:14 058 [main] DEBUG org.mybatis.spring.SqlSessionUtils - Creating a new SqlSession
2023-10-11 20:10:14 071 [main] DEBUG org.mybatis.spring.SqlSessionUtils - SqlSession [org.apache.ibatis.session.defaults.DefaultSqlSession@83298d7] was not registered for synchronization because synchronization is not active
2023-10-11 20:10:14 278 [main] DEBUG org.mybatis.spring.transaction.SpringManagedTransaction - JDBC Connection [HikariProxyConnection@697460450 wrapping org.mariadb.jdbc.Connection@5471388b] will not be managed by Spring
2023-10-11 20:10:14 283 [main] DEBUG myspring.customer.dao.mapper.CustomerMapper.selectCustomerById - ==>  Preparing: select * from customer where id=?
2023-10-11 20:10:14 306 [main] DEBUG myspring.customer.dao.mapper.CustomerMapper.selectCustomerById - ==> Parameters: 1(Integer)
2023-10-11 20:10:14 328 [main] DEBUG myspring.customer.dao.mapper.CustomerMapper.selectCustomerById - <==      Total: 1
2023-10-11 20:10:14 336 [main] DEBUG org.mybatis.spring.SqlSessionUtils - Closing non transactional SqlSession [org.apache.ibatis.session.defaults.DefaultSqlSession@83298d7]
2023-10-11 20:10:14 352 [main] DEBUG org.mybatis.spring.SqlSessionUtils - Creating a new SqlSession
2023-10-11 20:10:14 352 [main] DEBUG org.mybatis.spring.SqlSessionUtils - SqlSession [org.apache.ibatis.session.defaults.DefaultSqlSession@182f1e9a] was not registered for synchronization because synchronization is not active
2023-10-11 20:10:14 352 [main] DEBUG org.mybatis.spring.transaction.SpringManagedTransaction - JDBC Connection [HikariProxyConnection@1764291958 wrapping org.mariadb.jdbc.Connection@5471388b] will not be managed by Spring
2023-10-11 20:10:14 353 [main] DEBUG myspring.customer.dao.mapper.CustomerMapper.selectCustomerById - ==>  Preparing: select * from customer where id=?
2023-10-11 20:10:14 353 [main] DEBUG myspring.customer.dao.mapper.CustomerMapper.selectCustomerById - ==> Parameters: 1(Integer)
2023-10-11 20:10:14 354 [main] DEBUG myspring.customer.dao.mapper.CustomerMapper.selectCustomerById - <==      Total: 1
2023-10-11 20:10:14 354 [main] DEBUG org.mybatis.spring.SqlSessionUtils - Closing non transactional SqlSession [org.apache.ibatis.session.defaults.DefaultSqlSession@182f1e9a]
